[2026-03-01 04:22:25] [ERROR] [SYSTEM] Missing components (dataset/, filedb.csv, activity.log, or crontabs)
[2026-03-01 04:23:16] [ERROR] [SYSTEM] Missing components (assets/, metadata.csv, activity.log, or crontabs)
[2026-03-01 04:24:14] [ERROR] [SYSTEM] Missing components (assets/, metadata.csv, activity.log, or crontabs)
[2026-03-01 04:26:16] [INFO] [SYNC] Removed missing file 0154495b2d147f33.mp4 from database
[2026-03-01 04:26:16] [INFO] [SYNC] Removed missing file 017995dd0192ea88.mac from database
[2026-03-01 04:26:16] [INFO] [SYNC] Removed missing file 01c78a76ff66d543.ra from database
[2026-03-01 04:26:16] [INFO] [SYNC] Removed missing file 01db978e50e1bf25.png from database
[2026-03-01 04:26:16] [INFO] [SYNC] Removed missing file 0448294387225ba3.mac from database
[2026-03-01 04:26:16] [INFO] [SYNC] Removed missing file 071a8410f58d05b5.txt from database
[2026-03-01 04:26:16] [INFO] [SYNC] Removed missing file 07e69d7cce8802db.png from database
[2026-03-01 04:26:16] [INFO] [SYNC] Removed missing file 086fe6bf7ba28732.txt from database
[2026-03-01 04:26:16] [INFO] [SYNC] Removed missing file 09ce6436b6b744de.ra from database
[2026-03-01 04:26:16] [INFO] [SYNC] Removed missing file 0a8272cc76537a5a.mp4 from database
[2026-03-01 04:26:16] [INFO] [SYNC] Removed missing file 0b8e1d6b80a4639d.mp4 from database
[2026-03-01 04:26:16] [INFO] [SYNC] Removed missing file 0bc6123a6cbe178c.txt from database
[2026-03-01 04:26:16] [INFO] [SYNC] Removed missing file 0f5dd104fb917c7b.png from database
[2026-03-01 04:26:16] [INFO] [SYNC] Removed missing file 107bc1968294ddbd.txt from database
[2026-03-01 04:26:16] [INFO] [SYNC] Removed missing file 11b348ddd26cef5e.txt from database
[2026-03-01 04:26:16] [INFO] [SYNC] Removed missing file 11f57fd498c653f5.txt from database
[2026-03-01 04:26:16] [INFO] [SYNC] Removed missing file 1237343db6beb024.txt from database
[2026-03-01 04:26:16] [INFO] [SYNC] Removed missing file 144bedc9d3180922.mp4 from database
[2026-03-01 04:26:16] [INFO] [SYNC] Removed missing file 145155b11e2e2532.mp4 from database
[2026-03-01 04:26:16] [INFO] [SYNC] Removed missing file 14e40672696e3427.txt from database
[2026-03-01 04:26:16] [INFO] [SYNC] Removed missing file 1501e844f3754da3.mac from database
[2026-03-01 04:26:16] [INFO] [SYNC] Removed missing file 18647fc47a9a4be9.txt from database
[2026-03-01 04:26:16] [INFO] [SYNC] Removed missing file 195f84f6df99ef56.mp4 from database
[2026-03-01 04:26:16] [INFO] [SYNC] Removed missing file 1da7139a36c5097c.mp4 from database
[2026-03-01 04:26:16] [INFO] [SYNC] Removed missing file 1ddbd47ca1e3e6f8.mp4 from database
[2026-03-01 04:26:16] [INFO] [SYNC] Removed missing file 1e9d1840d630a8d1.mac from database
[2026-03-01 04:26:16] [INFO] [SYNC] Removed missing file 1ea6b57810de02b4.txt from database
[2026-03-01 04:26:16] [INFO] [SYNC] Removed missing file 1f3acf91ab37dc36.txt from database
[2026-03-01 04:26:16] [INFO] [SYNC] Removed missing file 1f77046aa0df4b8a.png from database
[2026-03-01 04:26:16] [INFO] [SYNC] Removed missing file 22051d7362a27fb4.mac from database
[2026-03-01 04:26:16] [INFO] [SYNC] Removed missing file 22211231ef8052a9.png from database
[2026-03-01 04:26:16] [INFO] [SYNC] Removed missing file 225a64c964d4a7f5.png from database
[2026-03-01 04:26:16] [INFO] [SYNC] Removed missing file 226a069f76d275ce.txt from database
[2026-03-01 04:26:16] [INFO] [SYNC] Removed missing file 22a510352413ccbc.txt from database
[2026-03-01 04:26:16] [INFO] [SYNC] Removed missing file 2513f691a6931308.txt from database
[2026-03-01 04:26:16] [INFO] [SYNC] Removed missing file 25b53e40a32cef01.png from database
[2026-03-01 04:26:16] [INFO] [SYNC] Removed missing file 266317088e553053.txt from database
[2026-03-01 04:26:16] [INFO] [SYNC] Removed missing file 26d466009769eb12.png from database
[2026-03-01 04:26:16] [INFO] [SYNC] Removed missing file 29518abf67ff07a9.rtf from database
[2026-03-01 04:26:16] [INFO] [SYNC] Removed missing file 2aac90e4dff0deac.txt from database
[2026-03-01 04:26:16] [INFO] [SYNC] Removed missing file 2b7efd97c250f84e.txt from database
[2026-03-01 04:26:16] [INFO] [SYNC] Removed missing file 2bda6fde1167e693.txt from database
[2026-03-01 04:26:16] [INFO] [SYNC] Removed missing file 2bf028350933948b.txt from database
[2026-03-01 04:26:16] [INFO] [SYNC] Removed missing file 2cfe792b3d368a1e.txt from database
[2026-03-01 04:26:16] [INFO] [SYNC] Removed missing file 2d3eaafbaf3f3fcd.txt from database
[2026-03-01 04:26:16] [INFO] [SYNC] Removed missing file 2f381135092f0c00.png from database
[2026-03-01 04:26:16] [INFO] [SYNC] Removed missing file 3007a140c749f585.txt from database
[2026-03-01 04:26:16] [INFO] [SYNC] Removed missing file 308678e1577a2567.png from database
[2026-03-01 04:26:16] [INFO] [SYNC] Removed missing file 33412336c8478846.txt from database
[2026-03-01 04:26:16] [INFO] [SYNC] Removed missing file 338646f46204ffc3.txt from database
[2026-03-01 04:26:16] [INFO] [SYNC] Removed missing file 33dd7870ec63c425.ra from database
[2026-03-01 04:26:16] [INFO] [SYNC] Removed missing file 33ec44b15adc6462.png from database
[2026-03-01 04:26:16] [INFO] [SYNC] Removed missing file 340deef259ae0898.txt from database
[2026-03-01 04:26:16] [INFO] [SYNC] Removed missing file 368c8ae6c8fee6ca.txt from database
[2026-03-01 04:26:16] [INFO] [SYNC] Removed missing file 369da4d9bc5f76b0.txt from database
[2026-03-01 04:26:16] [INFO] [SYNC] Removed missing file 37af13c2cd10c72d.ra from database
[2026-03-01 04:26:16] [INFO] [SYNC] Removed missing file 37c8bfd2a9723459.png from database
[2026-03-01 04:26:16] [INFO] [SYNC] Removed missing file 382045d3c5e4cf26.txt from database
[2026-03-01 04:26:16] [INFO] [SYNC] Removed missing file 382cf06119a956fd.png from database
[2026-03-01 04:26:16] [INFO] [SYNC] Removed missing file 38bf3a5ef6b84d0e.png from database
[2026-03-01 04:26:16] [INFO] [SYNC] Removed missing file 392e4cdc57559bd9.mp4 from database
[2026-03-01 04:26:16] [INFO] [SYNC] Removed missing file 3935548208b39635.txt from database
[2026-03-01 04:26:16] [INFO] [SYNC] Removed missing file 39fb5cde9b9ff471.txt from database
[2026-03-01 04:26:16] [INFO] [SYNC] Removed missing file 3a646e8cde293ae8.rtf from database
[2026-03-01 04:26:16] [INFO] [SYNC] Removed missing file 3b3e5b2e34944e80.png from database
[2026-03-01 04:26:16] [INFO] [SYNC] Removed missing file 3b44ce25cfb1c24e.pdf from database
[2026-03-01 04:26:16] [INFO] [SYNC] Removed missing file 3b4db95ba0c9461f.mac from database
[2026-03-01 04:26:16] [INFO] [SYNC] Removed missing file 3bb84197b5d95ce7.mac from database
[2026-03-01 04:26:16] [INFO] [SYNC] Removed missing file 3c6720c0c4c3d97c.txt from database
[2026-03-01 04:26:16] [INFO] [SYNC] Removed missing file 3f057bbc97fc55b1.txt from database
[2026-03-01 04:26:16] [INFO] [SYNC] Removed missing file 3f409611427555b3.mac from database
[2026-03-01 04:26:16] [INFO] [SYNC] Removed missing file 400d199c57a38c17.mac from database
[2026-03-01 04:26:16] [INFO] [SYNC] Removed missing file 41fc2d299cf248df.mac from database
[2026-03-01 04:26:16] [INFO] [SYNC] Removed missing file 42018f8589df2439.png from database
[2026-03-01 04:26:16] [INFO] [SYNC] Removed missing file 437145b213836a7a.png from database
[2026-03-01 04:26:16] [INFO] [SYNC] Removed missing file 43dd40b5311b8c43.txt from database
[2026-03-01 04:26:16] [INFO] [SYNC] Removed missing file 4400741cfdcec937.txt from database
[2026-03-01 04:26:16] [INFO] [SYNC] Removed missing file 45f1dbcbb3544233.png from database
[2026-03-01 04:26:16] [INFO] [SYNC] Removed missing file 46d8ac4da38fee67.txt from database
[2026-03-01 04:26:16] [INFO] [SYNC] Removed missing file 478103c70121f5cf.mac from database
[2026-03-01 04:26:16] [INFO] [SYNC] Removed missing file 479962d2c749c679.mac from database
[2026-03-01 04:26:16] [INFO] [SYNC] Removed missing file 4965182885f858ae.mp4 from database
[2026-03-01 04:26:16] [INFO] [SYNC] Removed missing file 499231af7b74b33d.txt from database
[2026-03-01 04:26:16] [INFO] [SYNC] Removed missing file 49fca79f89413ae1.png from database
[2026-03-01 04:26:16] [INFO] [SYNC] Removed missing file 4b5e624f9fc7dcc2.mac from database
[2026-03-01 04:26:16] [INFO] [SYNC] Removed missing file 4b9d02351ab53145.png from database
[2026-03-01 04:26:16] [INFO] [SYNC] Removed missing file 4eeccd1f33f8ae27.txt from database
[2026-03-01 04:26:16] [INFO] [SYNC] Removed missing file 50c6c45e7d57417e.ra from database
[2026-03-01 04:26:16] [INFO] [SYNC] Removed missing file 5188db5bda0bc440.png from database
[2026-03-01 04:26:16] [INFO] [SYNC] Removed missing file 533dd8cf9faff4c6.txt from database
[2026-03-01 04:26:16] [INFO] [SYNC] Removed missing file 53a56d2d5c3c1bba.mac from database
[2026-03-01 04:26:16] [INFO] [SYNC] Removed missing file 56f79c464ba4c774.ra from database
[2026-03-01 04:26:16] [INFO] [SYNC] Removed missing file 56f82d272db724fc.txt from database
[2026-03-01 04:26:16] [INFO] [SYNC] Removed missing file 57278900722393bf.txt from database
[2026-03-01 04:26:16] [INFO] [SYNC] Removed missing file 5826f7363d8e07d3.txt from database
[2026-03-01 04:26:16] [INFO] [SYNC] Removed missing file 590878549d8fcad0.txt from database
[2026-03-01 04:26:16] [INFO] [SYNC] Removed missing file 59caccf537e0a468.mp4 from database
[2026-03-01 04:26:16] [INFO] [SYNC] Removed missing file 5a9f85b92058a9a4.txt from database
[2026-03-01 04:26:16] [INFO] [SYNC] Removed missing file 5b1101ff68ffa595.mac from database
[2026-03-01 04:26:16] [INFO] [SYNC] Removed missing file 5b2af0e9716253bb.txt from database
[2026-03-01 04:26:16] [INFO] [SYNC] Removed missing file 5b822df48f0222ef.png from database
[2026-03-01 04:26:16] [INFO] [SYNC] Removed missing file 5be5e2a687a5484d.mp4 from database
[2026-03-01 04:26:16] [INFO] [SYNC] Removed missing file 5c058d99acf05914.txt from database
[2026-03-01 04:26:16] [INFO] [SYNC] Removed missing file 5df921df8fbcbe31.txt from database
[2026-03-01 04:26:16] [INFO] [SYNC] Removed missing file 604afec165cbbd89.txt from database
[2026-03-01 04:26:16] [INFO] [SYNC] Removed missing file 611aab7eedc6b25e.mp4 from database
[2026-03-01 04:26:16] [INFO] [SYNC] Removed missing file 61d3ffa31df49c2c.mp4 from database
[2026-03-01 04:26:16] [INFO] [SYNC] Removed missing file 629ba3bd10e9ae31.txt from database
[2026-03-01 04:26:16] [INFO] [SYNC] Removed missing file 62db3cea1b0f16f8.txt from database
[2026-03-01 04:26:16] [INFO] [SYNC] Removed missing file 6564557f6934f2b1.txt from database
[2026-03-01 04:26:16] [INFO] [SYNC] Removed missing file 65af0aac001f9f4e.png from database
[2026-03-01 04:26:16] [INFO] [SYNC] Removed missing file 65e7d86ba85201ae.mac from database
[2026-03-01 04:26:16] [INFO] [SYNC] Removed missing file 675b4f325ce57314.png from database
[2026-03-01 04:26:16] [INFO] [SYNC] Removed missing file 6768415c9105a342.txt from database
[2026-03-01 04:26:16] [INFO] [SYNC] Removed missing file 69931517209ab001.txt from database
[2026-03-01 04:26:16] [INFO] [SYNC] Removed missing file 69c4071cdb686f00.mac from database
[2026-03-01 04:26:16] [INFO] [SYNC] Removed missing file 6a452bd7f9479316.mac from database
[2026-03-01 04:26:16] [INFO] [SYNC] Removed missing file 6be57866f4771147.png from database
[2026-03-01 04:26:16] [INFO] [SYNC] Removed missing file 6c31bf69299169dd.txt from database
[2026-03-01 04:26:16] [INFO] [SYNC] Removed missing file 6c4aabcbb7600856.txt from database
[2026-03-01 04:26:16] [INFO] [SYNC] Removed missing file 6d8c23286b237d33.txt from database
[2026-03-01 04:26:16] [INFO] [SYNC] Removed missing file 6df0998b518c4393.mac from database
[2026-03-01 04:26:16] [INFO] [SYNC] Removed missing file 6e8ab2ebcf33c732.png from database
[2026-03-01 04:26:16] [INFO] [SYNC] Removed missing file 7079b7adc4d0b7f0.mac from database
[2026-03-01 04:26:16] [INFO] [SYNC] Removed missing file 7092d3de23fe1900.mac from database
[2026-03-01 04:26:16] [INFO] [SYNC] Removed missing file 7226daaf9f3d4342.ra from database
[2026-03-01 04:26:16] [INFO] [SYNC] Removed missing file 729b403d37bb188a.ra from database
[2026-03-01 04:26:16] [INFO] [SYNC] Removed missing file 753074d799a9ea0d.ra from database
[2026-03-01 04:26:16] [INFO] [SYNC] Removed missing file 75b114344d5b567a.mac from database
[2026-03-01 04:26:16] [INFO] [SYNC] Removed missing file 76289f6f68a58bdc.txt from database
[2026-03-01 04:26:16] [INFO] [SYNC] Removed missing file 7658c4cf7922831d.png from database
[2026-03-01 04:26:16] [INFO] [SYNC] Removed missing file 7676443614b65a6f.png from database
[2026-03-01 04:26:16] [INFO] [SYNC] Removed missing file 778e1729d1514892.mac from database
[2026-03-01 04:26:16] [INFO] [SYNC] Removed missing file 78091669b916b06d.txt from database
[2026-03-01 04:26:16] [INFO] [SYNC] Removed missing file 787a3ec2a849298a.txt from database
[2026-03-01 04:26:16] [INFO] [SYNC] Removed missing file 7a571459c9b33cb4.txt from database
[2026-03-01 04:26:16] [INFO] [SYNC] Removed missing file 7b8b447885ca0e7f.pdf from database
[2026-03-01 04:26:16] [INFO] [SYNC] Removed missing file 7d53045209c2a6eb.png from database
[2026-03-01 04:26:16] [INFO] [SYNC] Removed missing file 7d8dd40a33e21507.ra from database
[2026-03-01 04:26:16] [INFO] [SYNC] Removed missing file 7dc522b0696cfef0.png from database
[2026-03-01 04:26:16] [INFO] [SYNC] Removed missing file 7de2311a82e018b0.mp4 from database
[2026-03-01 04:26:16] [INFO] [SYNC] Removed missing file 7df090342f30ee01.mac from database
[2026-03-01 04:26:16] [INFO] [SYNC] Removed missing file 7df83562e66a2f3f.mp4 from database
[2026-03-01 04:26:16] [INFO] [SYNC] Removed missing file 7e42f07c88422719.pdf from database
[2026-03-01 04:26:16] [INFO] [SYNC] Removed missing file 7f4efc8c11562a2b.png from database
[2026-03-01 04:26:16] [INFO] [SYNC] Removed missing file 7f805bc6212b33de.ra from database
[2026-03-01 04:26:16] [INFO] [SYNC] Removed missing file 80abd81f5fc3d1fb.png from database
[2026-03-01 04:26:16] [INFO] [SYNC] Removed missing file 82ca9354fcb2307d.txt from database
[2026-03-01 04:26:16] [INFO] [SYNC] Removed missing file 830e3251022cd7d3.txt from database
[2026-03-01 04:26:16] [INFO] [SYNC] Removed missing file 84226970345ca8b0.mac from database
[2026-03-01 04:26:16] [INFO] [SYNC] Removed missing file 85d33197014e7217.txt from database
[2026-03-01 04:26:16] [INFO] [SYNC] Removed missing file 862a9194075a9b9a.ra from database
[2026-03-01 04:26:16] [INFO] [SYNC] Removed missing file 86ccc49f02ab89b8.png from database
[2026-03-01 04:26:16] [INFO] [SYNC] Removed missing file 8783e4fde653fb03.txt from database
[2026-03-01 04:26:16] [INFO] [SYNC] Removed missing file 88556a0bc027f613.rtf from database
[2026-03-01 04:26:16] [INFO] [SYNC] Removed missing file 890c36ae03b23892.png from database
[2026-03-01 04:26:16] [INFO] [SYNC] Removed missing file 895d6effa4839b7b.txt from database
[2026-03-01 04:26:16] [INFO] [SYNC] Removed missing file 896dab8dc4a4bd50.png from database
[2026-03-01 04:26:16] [INFO] [SYNC] Removed missing file 89c29bb70a082cdb.ra from database
[2026-03-01 04:26:16] [INFO] [SYNC] Removed missing file 8a1d591ab53e2335.mac from database
[2026-03-01 04:26:16] [INFO] [SYNC] Removed missing file 8ab6106b651917c2.png from database
[2026-03-01 04:26:16] [INFO] [SYNC] Removed missing file 8b5dd8b538c47e1b.txt from database
[2026-03-01 04:26:16] [INFO] [SYNC] Removed missing file 8e0b86cf967bb353.pdf from database
[2026-03-01 04:26:16] [INFO] [SYNC] Removed missing file 8e22337f87e7fcd1.mp4 from database
[2026-03-01 04:26:16] [INFO] [SYNC] Removed missing file 8e54d9e4c0345a1f.txt from database
[2026-03-01 04:26:16] [INFO] [SYNC] Removed missing file 8f30d4ad61ea6dc0.txt from database
[2026-03-01 04:26:16] [INFO] [SYNC] Removed missing file 8f815c567feaaae9.mp4 from database
[2026-03-01 04:26:16] [INFO] [SYNC] Removed missing file 90e539e2135fbf37.pdf from database
[2026-03-01 04:26:16] [INFO] [SYNC] Removed missing file 9162a93f8f4b276a.ra from database
[2026-03-01 04:26:16] [INFO] [SYNC] Removed missing file 91e678fef434c115.txt from database
[2026-03-01 04:26:16] [INFO] [SYNC] Removed missing file 92a0f862d2ff20b5.ra from database
[2026-03-01 04:26:16] [INFO] [SYNC] Removed missing file 959246c3f48877cd.mp4 from database
[2026-03-01 04:26:16] [INFO] [SYNC] Removed missing file 95d13c05ed164ff3.png from database
[2026-03-01 04:26:16] [INFO] [SYNC] Removed missing file 970a631aa52acb20.png from database
[2026-03-01 04:26:16] [INFO] [SYNC] Removed missing file 9876046d09b9970d.mp4 from database
[2026-03-01 04:26:16] [INFO] [SYNC] Removed missing file 98e556cab9d6a29b.txt from database
[2026-03-01 04:26:16] [INFO] [SYNC] Removed missing file 9a5d8ee121ce48ce.ra from database
[2026-03-01 04:26:16] [INFO] [SYNC] Removed missing file 9c6fea6026cc2a6c.mac from database
[2026-03-01 04:26:16] [INFO] [SYNC] Removed missing file 9c7052d29c47dda0.png from database
[2026-03-01 04:26:16] [INFO] [SYNC] Removed missing file 9e0f82ac16f6c6f9.mac from database
[2026-03-01 04:26:16] [INFO] [SYNC] Removed missing file 9f548a4c206b0811.txt from database
[2026-03-01 04:26:16] [INFO] [SYNC] Removed missing file 9f8894df21a48feb.txt from database
[2026-03-01 04:26:16] [INFO] [SYNC] Removed missing file a003ffab084c68ff.txt from database
[2026-03-01 04:26:16] [INFO] [SYNC] Removed missing file a116b5b5c729ccea.mac from database
[2026-03-01 04:26:16] [INFO] [SYNC] Removed missing file a214aa59281e29c3.mac from database
[2026-03-01 04:26:16] [INFO] [SYNC] Removed missing file a3ed46a64d866831.txt from database
[2026-03-01 04:26:16] [INFO] [SYNC] Removed missing file a4d4d811069395c0.rtf from database
[2026-03-01 04:26:16] [INFO] [SYNC] Removed missing file a53db1a80ef421f9.txt from database
[2026-03-01 04:26:16] [INFO] [SYNC] Removed missing file a55ef53105f95af9.pdf from database
[2026-03-01 04:26:16] [INFO] [SYNC] Removed missing file a5ab9c76f07dfd09.mac from database
[2026-03-01 04:26:16] [INFO] [SYNC] Removed missing file a5e12884f3f7af90.txt from database
[2026-03-01 04:26:16] [INFO] [SYNC] Removed missing file a8387c69be99f5d9.ra from database
[2026-03-01 04:26:16] [INFO] [SYNC] Removed missing file a83e6c15aa4e526e.mac from database
[2026-03-01 04:26:16] [INFO] [SYNC] Removed missing file a964d6c6858a52bf.mp4 from database
[2026-03-01 04:26:16] [INFO] [SYNC] Removed missing file ab3fd0b439dc36c8.txt from database
[2026-03-01 04:26:16] [INFO] [SYNC] Removed missing file ad116ca39051dc2d.txt from database
[2026-03-01 04:26:16] [INFO] [SYNC] Removed missing file adc321f23ec78941.mp4 from database
[2026-03-01 04:26:16] [INFO] [SYNC] Removed missing file aeac83dfef62801b.txt from database
[2026-03-01 04:26:16] [INFO] [SYNC] Removed missing file afcac81a6a812b4a.png from database
[2026-03-01 04:26:16] [INFO] [SYNC] Removed missing file aff9b3beb66a902f.mp4 from database
[2026-03-01 04:26:16] [INFO] [SYNC] Removed missing file b17458bd317413a7.mp4 from database
[2026-03-01 04:26:16] [INFO] [SYNC] Removed missing file b22b4e1466f18785.mac from database
[2026-03-01 04:26:16] [INFO] [SYNC] Removed missing file b32b26f6a9b91c01.mac from database
[2026-03-01 04:26:16] [INFO] [SYNC] Removed missing file b421bfeee40c86d6.mac from database
[2026-03-01 04:26:16] [INFO] [SYNC] Removed missing file b42c5fe7aa41bc04.pdf from database
[2026-03-01 04:26:16] [INFO] [SYNC] Removed missing file b59fa6b19a4e7215.ra from database
[2026-03-01 04:26:16] [INFO] [SYNC] Removed missing file b6595a152d9e41eb.mp4 from database
[2026-03-01 04:26:16] [INFO] [SYNC] Removed missing file b6c91b3ba1a66312.txt from database
[2026-03-01 04:26:16] [INFO] [SYNC] Removed missing file b802b95afc63f7c3.txt from database
[2026-03-01 04:26:16] [INFO] [SYNC] Removed missing file b811b876e3bc4fa7.txt from database
[2026-03-01 04:26:16] [INFO] [SYNC] Removed missing file b94656660312cd33.png from database
[2026-03-01 04:26:16] [INFO] [SYNC] Removed missing file bb8613cf153db249.txt from database
[2026-03-01 04:26:16] [INFO] [SYNC] Removed missing file bdc420c25a0357b4.txt from database
[2026-03-01 04:26:16] [INFO] [SYNC] Removed missing file bdcaebb90d22a526.ra from database
[2026-03-01 04:26:16] [INFO] [SYNC] Removed missing file be5ff52be2b7ebe4.png from database
[2026-03-01 04:26:16] [INFO] [SYNC] Removed missing file c111542867f746c5.mac from database
[2026-03-01 04:26:16] [INFO] [SYNC] Removed missing file c246020185674ab2.png from database
[2026-03-01 04:26:16] [INFO] [SYNC] Removed missing file c3f9ae44364a58ee.ra from database
[2026-03-01 04:26:16] [INFO] [SYNC] Removed missing file c4665fd36d3e3f18.mp4 from database
[2026-03-01 04:26:16] [INFO] [SYNC] Removed missing file c550cbf398881aea.ra from database
[2026-03-01 04:26:16] [INFO] [SYNC] Removed missing file c57368579133860d.mp4 from database
[2026-03-01 04:26:16] [INFO] [SYNC] Removed missing file c763eb7019601351.txt from database
[2026-03-01 04:26:16] [INFO] [SYNC] Removed missing file c7f9666b0d8e7014.rtf from database
[2026-03-01 04:26:16] [INFO] [SYNC] Removed missing file c96c74598523079d.mac from database
[2026-03-01 04:26:16] [INFO] [SYNC] Removed missing file ca74cffd88080e67.png from database
[2026-03-01 04:26:16] [INFO] [SYNC] Removed missing file cc0ff0c8f677eeb6.mac from database
[2026-03-01 04:26:16] [INFO] [SYNC] Removed missing file cd6da39a6c02d255.png from database
[2026-03-01 04:26:16] [INFO] [SYNC] Removed missing file cf13df60735219be.mac from database
[2026-03-01 04:26:16] [INFO] [SYNC] Removed missing file d36de17c266dcd36.txt from database
[2026-03-01 04:26:16] [INFO] [SYNC] Removed missing file d4054c0dafdf95b2.mac from database
[2026-03-01 04:26:16] [INFO] [SYNC] Removed missing file d451321cb3945907.txt from database
[2026-03-01 04:26:16] [INFO] [SYNC] Removed missing file d5415456695a8103.txt from database
[2026-03-01 04:26:16] [INFO] [SYNC] Removed missing file d64f0996468f5481.txt from database
[2026-03-01 04:26:16] [INFO] [SYNC] Removed missing file d777868cc9c31aa2.pdf from database
[2026-03-01 04:26:16] [INFO] [SYNC] Removed missing file d82907fc272fde78.ra from database
[2026-03-01 04:26:16] [INFO] [SYNC] Removed missing file d891967c9f8dedbd.pdf from database
[2026-03-01 04:26:16] [INFO] [SYNC] Removed missing file d9f87964cb38b55d.mac from database
[2026-03-01 04:26:16] [INFO] [SYNC] Removed missing file de96b694c11293ac.txt from database
[2026-03-01 04:26:16] [INFO] [SYNC] Removed missing file dead9b576897beda.mp4 from database
[2026-03-01 04:26:16] [INFO] [SYNC] Removed missing file ded60d96e9a6b235.txt from database
[2026-03-01 04:26:16] [INFO] [SYNC] Removed missing file e0efa14aad2069aa.txt from database
[2026-03-01 04:26:16] [INFO] [SYNC] Removed missing file e0fd5311dd9f8cde.png from database
[2026-03-01 04:26:16] [INFO] [SYNC] Removed missing file e135f88368276cc2.png from database
[2026-03-01 04:26:16] [INFO] [SYNC] Removed missing file e1f69480d395244f.mp4 from database
[2026-03-01 04:26:16] [INFO] [SYNC] Removed missing file e283e51346b03268.mac from database
[2026-03-01 04:26:16] [INFO] [SYNC] Removed missing file e2c36545313ed45c.txt from database
[2026-03-01 04:26:16] [INFO] [SYNC] Removed missing file e3c09fc0842ba47b.png from database
[2026-03-01 04:26:16] [INFO] [SYNC] Removed missing file e43ff2c21a8405f5.mac from database
[2026-03-01 04:26:16] [INFO] [SYNC] Removed missing file e4d22cb6b9d38b15.pdf from database
[2026-03-01 04:26:16] [INFO] [SYNC] Removed missing file e6408d41bb6445ae.mp4 from database
[2026-03-01 04:26:16] [INFO] [SYNC] Removed missing file e76a778d45d2863d.pdf from database
[2026-03-01 04:26:16] [INFO] [SYNC] Removed missing file e7c891a12de64351.pdf from database
[2026-03-01 04:26:16] [INFO] [SYNC] Removed missing file e8d39652335d75ac.txt from database
[2026-03-01 04:26:16] [INFO] [SYNC] Removed missing file e98d9b6895f03c02.mac from database
[2026-03-01 04:26:16] [INFO] [SYNC] Removed missing file ea9dd921183b31a7.txt from database
[2026-03-01 04:26:16] [INFO] [SYNC] Removed missing file ebcdd3dd0446c156.txt from database
[2026-03-01 04:26:16] [INFO] [SYNC] Removed missing file eeb5a33e30aaf22d.txt from database
[2026-03-01 04:26:16] [INFO] [SYNC] Removed missing file f072514530a62f03.mp4 from database
[2026-03-01 04:26:16] [INFO] [SYNC] Removed missing file f0ec0f97651c864a.mp4 from database
[2026-03-01 04:26:16] [INFO] [SYNC] Removed missing file f136c8c32bd93a48.txt from database
[2026-03-01 04:26:16] [INFO] [SYNC] Removed missing file f235d74edbf87b82.mac from database
[2026-03-01 04:26:16] [INFO] [SYNC] Removed missing file f2aafee874b88a75.png from database
[2026-03-01 04:26:16] [INFO] [SYNC] Removed missing file f2b37a625a296180.png from database
[2026-03-01 04:26:16] [INFO] [SYNC] Removed missing file f3d6bf73cfc49fe6.mp4 from database
[2026-03-01 04:26:16] [INFO] [SYNC] Removed missing file f4caff00303b3ab2.mp4 from database
[2026-03-01 04:26:16] [INFO] [SYNC] Removed missing file f5e38f4cc4701c6a.mac from database
[2026-03-01 04:26:16] [INFO] [SYNC] Removed missing file f625b65e6aa52928.png from database
[2026-03-01 04:26:16] [INFO] [SYNC] Removed missing file f6fbfb181fe0c0f9.ra from database
[2026-03-01 04:26:16] [INFO] [SYNC] Removed missing file f84fdd72f92e81ce.png from database
[2026-03-01 04:26:16] [INFO] [SYNC] Removed missing file f93fef9c1eb65a42.ra from database
[2026-03-01 04:26:16] [INFO] [SYNC] Removed missing file faf84f3f40045f9f.png from database
[2026-03-01 04:26:16] [INFO] [SYNC] Removed missing file fc1c010e06a0b586.txt from database
[2026-03-01 04:26:16] [INFO] [SYNC] Removed missing file fc8344729b4b091e.txt from database
[2026-03-01 04:26:16] [INFO] [SYNC] Removed missing file fec5d8fb5c6a8837.txt from database
[2026-03-01 04:26:16] [INFO] [SYNC] Removed missing file 0002ded2b24062a6.txt from database
[2026-03-01 04:26:16] [INFO] [SYNC] Removed missing file 0538baeee673bd5b.txt from database
[2026-03-01 04:26:16] [INFO] [SYNC] Removed missing file 3d7a9dbf91fa8db5.txt from database
[2026-03-01 04:26:16] [INFO] [SYNC] Removed missing file 52c34dc0d674f93e.txt from database
[2026-03-01 04:26:16] [INFO] [SYNC] Removed missing file 5875e2f63fd71e82.txt from database
[2026-03-01 04:26:16] [INFO] [SYNC] Removed missing file 5d4cdef8109eb342.txt from database
[2026-03-01 04:26:16] [INFO] [SYNC] Removed missing file 79ad051d092fd55d.txt from database
[2026-03-01 04:26:16] [INFO] [SYNC] Removed missing file 9051723e0fdde49b.txt from database
[2026-03-01 04:26:16] [INFO] [SYNC] Removed missing file ceeebd1a52100e98.txt from database
[2026-03-01 04:26:16] [INFO] [SYNC] Removed missing file d258426406a446b8.txt from database
[2026-03-01 04:26:16] [INFO] [SYNC] Removed missing file d51b47d6702c9adc.txt from database
[2026-03-01 04:26:16] [INFO] [SYNC] Removed missing file faf5f182079d9c54.txt from database
[2026-03-01 04:26:16] [INFO] [SYNC] Removed missing file fd30e245385bf40f.txt from database
[2026-03-01 04:26:25] [INFO] [STATS] Accessed empty database
[2026-03-01 04:27:54] [INFO] [STATS] Accessed empty database
[2026-03-01 04:28:37] [INFO] [STATS] Accessed empty database
[2026-03-01 04:28:40] [INFO] [SYNC] Added new file 00dd16e24756ac5c.obj
[2026-03-01 04:28:40] [INFO] [SYNC] Added new file 016926f1c78f677d.svg
[2026-03-01 04:28:40] [INFO] [SYNC] Added new file 051ad7192aeba24d.tga
[2026-03-01 04:28:40] [INFO] [SYNC] Added new file 06a5d4923a298a90.obj
[2026-03-01 04:28:40] [INFO] [SYNC] Added new file 08f9fbba8fffbd1a.obj
[2026-03-01 04:28:40] [INFO] [SYNC] Added new file 0984915c4b21bee8.tga
[2026-03-01 04:28:40] [INFO] [SYNC] Added new file 0b10c73aa13cbc94.svg
[2026-03-01 04:28:40] [INFO] [SYNC] Added new file 0ba708283ae08b7b.obj
[2026-03-01 04:28:41] [INFO] [SYNC] Added new file 0d171f398557f7c5.svg
[2026-03-01 04:28:41] [INFO] [SYNC] Added new file 0db2fc9c649d1435.obj
[2026-03-01 04:28:41] [INFO] [SYNC] Added new file 104d143a56c40ec1.tga
[2026-03-01 04:28:41] [INFO] [SYNC] Added new file 10d7e06abde31715.obj
[2026-03-01 04:28:41] [INFO] [SYNC] Added new file 10fc339190ce4e6e.svg
[2026-03-01 04:28:41] [INFO] [SYNC] Added new file 11f3c51cfeefdfb6.wav
[2026-03-01 04:28:41] [INFO] [SYNC] Added new file 13010741817949f7.svg
[2026-03-01 04:28:41] [INFO] [SYNC] Added new file 144eed6007f0321a.obj
[2026-03-01 04:28:41] [INFO] [SYNC] Added new file 1460cfb0d8ada29a.obj
[2026-03-01 04:28:41] [INFO] [SYNC] Added new file 18d511d2634019c7.svg
[2026-03-01 04:28:41] [INFO] [SYNC] Added new file 18ff526cc471e280.wav
[2026-03-01 04:28:41] [INFO] [SYNC] Added new file 1925664d9435d338.tga
[2026-03-01 04:28:41] [INFO] [SYNC] Added new file 19ac5994792cb4b7.svg
[2026-03-01 04:28:41] [INFO] [SYNC] Added new file 19d8e922fbe8b682.obj
[2026-03-01 04:28:41] [INFO] [SYNC] Added new file 1c59195affcc10fa.obj
[2026-03-01 04:28:41] [INFO] [SYNC] Added new file 1c5fe72efb398563.tga
[2026-03-01 04:28:41] [INFO] [SYNC] Added new file 1cecc38d7259963b.tga
[2026-03-01 04:28:41] [INFO] [SYNC] Added new file 1de466c2c767ece7.wav
[2026-03-01 04:28:41] [INFO] [SYNC] Added new file 205b3e5c1766df9f.svg
[2026-03-01 04:28:41] [INFO] [SYNC] Added new file 2069cbf7ff665d08.obj
[2026-03-01 04:28:41] [INFO] [SYNC] Added new file 21557196b3ac0a39.wav
[2026-03-01 04:28:41] [INFO] [SYNC] Added new file 244ed445b10c08cb.obj
[2026-03-01 04:28:41] [INFO] [SYNC] Added new file 268829b7db78afea.tga
[2026-03-01 04:28:41] [INFO] [SYNC] Added new file 26bfc5b6fe74e059.obj
[2026-03-01 04:28:41] [INFO] [SYNC] Added new file 292a77ca40885062.svg
[2026-03-01 04:28:41] [INFO] [SYNC] Added new file 2aa4a3a98d9c8719.obj
[2026-03-01 04:28:41] [INFO] [SYNC] Added new file 2cc2baca701b3d42.tga
[2026-03-01 04:28:41] [INFO] [SYNC] Added new file 2eb8e5f255b82997.tga
[2026-03-01 04:28:41] [INFO] [SYNC] Added new file 31a973c2d2fcfa84.obj
[2026-03-01 04:28:41] [INFO] [SYNC] Added new file 32585e6b3bdb3dd5.obj
[2026-03-01 04:28:41] [INFO] [SYNC] Added new file 32c20e672dddfa48.tga
[2026-03-01 04:28:41] [INFO] [SYNC] Added new file 3339a7583aae6177.svg
[2026-03-01 04:28:41] [INFO] [SYNC] Added new file 336e40ead941d5e1.obj
[2026-03-01 04:28:41] [INFO] [SYNC] Added new file 339fe3fcbd58e146.svg
[2026-03-01 04:28:41] [INFO] [SYNC] Added new file 33a1aff6b069b7f7.obj
[2026-03-01 04:28:41] [INFO] [SYNC] Added new file 33f97b83722cdce4.svg
[2026-03-01 04:28:41] [INFO] [SYNC] Added new file 3497f8245db60f34.svg
[2026-03-01 04:28:41] [INFO] [SYNC] Added new file 350ca9abe00d66cc.tga
[2026-03-01 04:28:41] [INFO] [SYNC] Added new file 355d96c7d425ecb3.obj
[2026-03-01 04:28:41] [INFO] [SYNC] Added new file 371dfd7c2278d807.obj
[2026-03-01 04:28:41] [INFO] [SYNC] Added new file 382084506b6458bc.tga
[2026-03-01 04:28:41] [INFO] [SYNC] Added new file 38be7ddba17cef1a.svg
[2026-03-01 04:28:41] [INFO] [SYNC] Added new file 39082f81a7baa5d8.tga
[2026-03-01 04:28:41] [INFO] [SYNC] Added new file 3a4f6a8c23d7cdb4.obj
[2026-03-01 04:28:41] [INFO] [SYNC] Added new file 3ac425ac4d9bbd64.tga
[2026-03-01 04:28:41] [INFO] [SYNC] Added new file 3aee8bc3b0ecf032.svg
[2026-03-01 04:28:41] [INFO] [SYNC] Added new file 3b1a3528bb97be05.obj
[2026-03-01 04:28:41] [INFO] [SYNC] Added new file 3bc0775a80f83103.obj
[2026-03-01 04:28:41] [INFO] [SYNC] Added new file 3bead2de37fc48ea.obj
[2026-03-01 04:28:41] [INFO] [SYNC] Added new file 3d1c06fec5da1a36.obj
[2026-03-01 04:28:41] [INFO] [SYNC] Added new file 3d8783631847af8d.svg
[2026-03-01 04:28:41] [INFO] [SYNC] Added new file 3e361f8774e37550.obj
[2026-03-01 04:28:41] [INFO] [SYNC] Added new file 3ef5e3a77bd5618a.tga
[2026-03-01 04:28:41] [INFO] [SYNC] Added new file 3f96df01fa18af42.tga
[2026-03-01 04:28:41] [INFO] [SYNC] Added new file 411501b07a7207eb.obj
[2026-03-01 04:28:41] [INFO] [SYNC] Added new file 41639897a57c9e0d.tga
[2026-03-01 04:28:41] [INFO] [SYNC] Added new file 424361cf1503a98b.obj
[2026-03-01 04:28:41] [INFO] [SYNC] Added new file 457cca5296a3a759.obj
[2026-03-01 04:28:41] [INFO] [SYNC] Added new file 45d1f2c9df479a02.wav
[2026-03-01 04:28:41] [INFO] [SYNC] Added new file 461cd06bf3b933d3.tga
[2026-03-01 04:28:41] [INFO] [SYNC] Added new file 4763609e3c363851.tga
[2026-03-01 04:28:41] [INFO] [SYNC] Added new file 476e94cfdec5e319.tga
[2026-03-01 04:28:41] [INFO] [SYNC] Added new file 47f16d0c2305851a.obj
[2026-03-01 04:28:41] [INFO] [SYNC] Added new file 49159d20dd20ce3d.obj
[2026-03-01 04:28:41] [INFO] [SYNC] Added new file 49ae188343095f71.svg
[2026-03-01 04:28:41] [INFO] [SYNC] Added new file 49dee954a41495f8.svg
[2026-03-01 04:28:41] [INFO] [SYNC] Added new file 4a91e5679ba8d287.svg
[2026-03-01 04:28:41] [INFO] [SYNC] Added new file 4c1ed688855f56f6.obj
[2026-03-01 04:28:41] [INFO] [SYNC] Added new file 4d2db9db58fd866d.wav
[2026-03-01 04:28:41] [INFO] [SYNC] Added new file 510a5a8d2186ff89.svg
[2026-03-01 04:28:41] [INFO] [SYNC] Added new file 5231340991907a9f.obj
[2026-03-01 04:28:41] [INFO] [SYNC] Added new file 5427f8d36ce6e882.obj
[2026-03-01 04:28:41] [INFO] [SYNC] Added new file 5496cf8d00804a25.ttf
[2026-03-01 04:28:41] [INFO] [SYNC] Added new file 54b09a928a106a06.tga
[2026-03-01 04:28:41] [INFO] [SYNC] Added new file 55a7e2591dfeac4a.svg
[2026-03-01 04:28:41] [INFO] [SYNC] Added new file 566f7fbcf8ef6964.svg
[2026-03-01 04:28:41] [INFO] [SYNC] Added new file 5777845a245d4705.obj
[2026-03-01 04:28:41] [INFO] [SYNC] Added new file 579e2ee934d8aed0.obj
[2026-03-01 04:28:41] [INFO] [SYNC] Added new file 58e73c49976d440d.svg
[2026-03-01 04:28:41] [INFO] [SYNC] Added new file 596614bfcf238851.tga
[2026-03-01 04:28:41] [INFO] [SYNC] Added new file 59eaa61d125a6425.svg
[2026-03-01 04:28:41] [INFO] [SYNC] Added new file 5b24378989a80d94.wav
[2026-03-01 04:28:41] [INFO] [SYNC] Added new file 5b7758be804f1d77.obj
[2026-03-01 04:28:41] [INFO] [SYNC] Added new file 5d9b510cc5c83a91.obj
[2026-03-01 04:28:41] [INFO] [SYNC] Added new file 5e35a620111df632.svg
[2026-03-01 04:28:41] [INFO] [SYNC] Added new file 60b46ff48a9a4f71.wav
[2026-03-01 04:28:41] [INFO] [SYNC] Added new file 61fd31c08dc5d0a3.svg
[2026-03-01 04:28:41] [INFO] [SYNC] Added new file 63aedb97dc11f442.svg
[2026-03-01 04:28:41] [INFO] [SYNC] Added new file 63f59a2705b9c65d.obj
[2026-03-01 04:28:41] [INFO] [SYNC] Added new file 642f67bf186954aa.obj
[2026-03-01 04:28:41] [INFO] [SYNC] Added new file 68dd3bf09f282bed.tga
[2026-03-01 04:28:41] [INFO] [SYNC] Added new file 691060521eea8329.obj
[2026-03-01 04:28:41] [INFO] [SYNC] Added new file 692afbf0f440b709.obj
[2026-03-01 04:28:41] [INFO] [SYNC] Added new file 6b0444c40b37d145.svg
[2026-03-01 04:28:41] [INFO] [SYNC] Added new file 6d250a6a82c485a6.svg
[2026-03-01 04:28:41] [INFO] [SYNC] Added new file 6f90379debbd56c6.obj
[2026-03-01 04:28:41] [INFO] [SYNC] Added new file 7073eec3d6bde237.tga
[2026-03-01 04:28:41] [INFO] [SYNC] Added new file 721176f803d1c49e.tga
[2026-03-01 04:28:41] [INFO] [SYNC] Added new file 72333b4e8e843aa3.obj
[2026-03-01 04:28:41] [INFO] [SYNC] Added new file 73e2c0b6611f1210.wav
[2026-03-01 04:28:41] [INFO] [SYNC] Added new file 759105ca2740898a.svg
[2026-03-01 04:28:41] [INFO] [SYNC] Added new file 75bb628378a2c1c6.svg
[2026-03-01 04:28:41] [INFO] [SYNC] Added new file 75efbb2816b859ca.obj
[2026-03-01 04:28:41] [INFO] [SYNC] Added new file 783aeffc4551dd3e.obj
[2026-03-01 04:28:41] [INFO] [SYNC] Added new file 789cfff133fa115d.svg
[2026-03-01 04:28:41] [INFO] [SYNC] Added new file 792a13f805b7b020.svg
[2026-03-01 04:28:41] [INFO] [SYNC] Added new file 79a6f4f2d34d58c1.tga
[2026-03-01 04:28:41] [INFO] [SYNC] Added new file 79ed7b07bb1d0b71.obj
[2026-03-01 04:28:41] [INFO] [SYNC] Added new file 7a3fa977d2ab826f.obj
[2026-03-01 04:28:41] [INFO] [SYNC] Added new file 7a4d3f067494b3d0.obj
[2026-03-01 04:28:41] [INFO] [SYNC] Added new file 7a60e9e161a114b2.wav
[2026-03-01 04:28:41] [INFO] [SYNC] Added new file 7b4cef3e12982d35.tga
[2026-03-01 04:28:41] [INFO] [SYNC] Added new file 7b747564db75161d.wav
[2026-03-01 04:28:41] [INFO] [SYNC] Added new file 7cf5101f9a54cb76.obj
[2026-03-01 04:28:41] [INFO] [SYNC] Added new file 7d8231ecddb4b759.obj
[2026-03-01 04:28:41] [INFO] [SYNC] Added new file 7d9075fe8f37e2e9.obj
[2026-03-01 04:28:41] [INFO] [SYNC] Added new file 7ee421afef90c7a6.obj
[2026-03-01 04:28:41] [INFO] [SYNC] Added new file 81e67f6e8777955e.obj
[2026-03-01 04:28:41] [INFO] [SYNC] Added new file 8227602e2129f428.svg
[2026-03-01 04:28:41] [INFO] [SYNC] Added new file 82bea9ffb04fc8e5.svg
[2026-03-01 04:28:41] [INFO] [SYNC] Added new file 83fa569b1797f79b.svg
[2026-03-01 04:28:41] [INFO] [SYNC] Added new file 84bc13bc11dda97b.svg
[2026-03-01 04:28:41] [INFO] [SYNC] Added new file 8510a9fbc14e12f6.obj
[2026-03-01 04:28:41] [INFO] [SYNC] Added new file 85908ce9856cfdde.wav
[2026-03-01 04:28:41] [INFO] [SYNC] Added new file 85a316629ab6c0c0.wav
[2026-03-01 04:28:41] [INFO] [SYNC] Added new file 85fb6cda16a0482d.svg
[2026-03-01 04:28:41] [INFO] [SYNC] Added new file 865e815f15d284b2.tga
[2026-03-01 04:28:41] [INFO] [SYNC] Added new file 87b3524cfaf02253.obj
[2026-03-01 04:28:41] [INFO] [SYNC] Added new file 87d0066ca656cdfd.obj
[2026-03-01 04:28:41] [INFO] [SYNC] Added new file 88227e7679e10087.tga
[2026-03-01 04:28:41] [INFO] [SYNC] Added new file 885fd2bad99e4918.obj
[2026-03-01 04:28:41] [INFO] [SYNC] Added new file 887b02f13e380c74.obj
[2026-03-01 04:28:41] [INFO] [SYNC] Added new file 88bff7d34ba1fcf5.svg
[2026-03-01 04:28:41] [INFO] [SYNC] Added new file 8a3b7965ddc62485.obj
[2026-03-01 04:28:41] [INFO] [SYNC] Added new file 8af36798e2ee5cf4.tga
[2026-03-01 04:28:41] [INFO] [SYNC] Added new file 8af48725daf9ee42.tga
[2026-03-01 04:28:41] [INFO] [SYNC] Added new file 8be04ab7b5644468.obj
[2026-03-01 04:28:41] [INFO] [SYNC] Added new file 8bf2bc2a05c774b0.wav
[2026-03-01 04:28:41] [INFO] [SYNC] Added new file 8cfb548f84021735.tga
[2026-03-01 04:28:41] [INFO] [SYNC] Added new file 8d34d6941e00cdc5.svg
[2026-03-01 04:28:41] [INFO] [SYNC] Added new file 8eb87d9b71b81963.tga
[2026-03-01 04:28:41] [INFO] [SYNC] Added new file 8ef19c6db3100e3e.obj
[2026-03-01 04:28:41] [INFO] [SYNC] Added new file 8fed34e6bed04a5e.tga
[2026-03-01 04:28:41] [INFO] [SYNC] Added new file 9041a2b29f5c64c1.obj
[2026-03-01 04:28:41] [INFO] [SYNC] Added new file 91d880f3af4f6e9d.obj
[2026-03-01 04:28:41] [INFO] [SYNC] Added new file 924b0b8d18a766b3.obj
[2026-03-01 04:28:41] [INFO] [SYNC] Added new file 9395a78e93fa1a5e.obj
[2026-03-01 04:28:41] [INFO] [SYNC] Added new file 9419f45b75a2c546.obj
[2026-03-01 04:28:41] [INFO] [SYNC] Added new file 94784b1250fc4a7b.obj
[2026-03-01 04:28:41] [INFO] [SYNC] Added new file 948da447f5ee947d.svg
[2026-03-01 04:28:41] [INFO] [SYNC] Added new file 975cc6ebec6c2085.tga
[2026-03-01 04:28:41] [INFO] [SYNC] Added new file 978ebd3c7e52dd54.svg
[2026-03-01 04:28:41] [INFO] [SYNC] Added new file 97ecabaa29b383d6.wav
[2026-03-01 04:28:41] [INFO] [SYNC] Added new file 98c7fd090f675beb.tga
[2026-03-01 04:28:41] [INFO] [SYNC] Added new file 990b3912c84440d2.svg
[2026-03-01 04:28:41] [INFO] [SYNC] Added new file 99a2cf5d24898ea4.wav
[2026-03-01 04:28:41] [INFO] [SYNC] Added new file 9ac0bc646a4e3b17.tga
[2026-03-01 04:28:41] [INFO] [SYNC] Added new file 9aca38eed44de3ae.obj
[2026-03-01 04:28:41] [INFO] [SYNC] Added new file 9b0a0426cfa3f15d.obj
[2026-03-01 04:28:41] [INFO] [SYNC] Added new file 9b3f5526905b6fb7.ttf
[2026-03-01 04:28:41] [INFO] [SYNC] Added new file 9d6598f8df097e7a.wav
[2026-03-01 04:28:41] [INFO] [SYNC] Added new file 9dd556fd75d6855e.tga
[2026-03-01 04:28:41] [INFO] [SYNC] Added new file 9df7ea4ea115b5ca.obj
[2026-03-01 04:28:41] [INFO] [SYNC] Added new file a01193bcc4e493f6.wav
[2026-03-01 04:28:41] [INFO] [SYNC] Added new file a0af597b32d7f3ec.obj
[2026-03-01 04:28:41] [INFO] [SYNC] Added new file a0e81009c54f5f5f.svg
[2026-03-01 04:28:41] [INFO] [SYNC] Added new file a164feb4130d0ba7.svg
[2026-03-01 04:28:41] [INFO] [SYNC] Added new file a2b263f44db6b7d4.svg
[2026-03-01 04:28:41] [INFO] [SYNC] Added new file a3ea467a2b2b2feb.svg
[2026-03-01 04:28:41] [INFO] [SYNC] Added new file a5eceedbb71d2db4.obj
[2026-03-01 04:28:41] [INFO] [SYNC] Added new file a61be08d124d7b05.wav
[2026-03-01 04:28:41] [INFO] [SYNC] Added new file a6c6c35a860cd1c9.wav
[2026-03-01 04:28:41] [INFO] [SYNC] Added new file a82ad62af980b415.svg
[2026-03-01 04:28:41] [INFO] [SYNC] Added new file a98054c7599c05df.obj
[2026-03-01 04:28:41] [INFO] [SYNC] Added new file a9904d4c572ece4f.wav
[2026-03-01 04:28:41] [INFO] [SYNC] Added new file abb306574f4f450b.tga
[2026-03-01 04:28:41] [INFO] [SYNC] Added new file ac3757d76b9f3803.obj
[2026-03-01 04:28:41] [INFO] [SYNC] Added new file ae1c40ba87954cab.svg
[2026-03-01 04:28:41] [INFO] [SYNC] Added new file ae55ea288a082296.svg
[2026-03-01 04:28:41] [INFO] [SYNC] Added new file b040e50171bdd611.svg
[2026-03-01 04:28:41] [INFO] [SYNC] Added new file b278d1d10d307924.obj
[2026-03-01 04:28:41] [INFO] [SYNC] Added new file b373600e36b060ac.wav
[2026-03-01 04:28:41] [INFO] [SYNC] Added new file b3c3e29b51179cee.svg
[2026-03-01 04:28:41] [INFO] [SYNC] Added new file b8196822cc00d74a.obj
[2026-03-01 04:28:41] [INFO] [SYNC] Added new file b8e1ea29002b89e8.svg
[2026-03-01 04:28:41] [INFO] [SYNC] Added new file b91151c3a8dad7cb.svg
[2026-03-01 04:28:41] [INFO] [SYNC] Added new file b949552d9970d16d.svg
[2026-03-01 04:28:41] [INFO] [SYNC] Added new file b95f4164e418b58a.obj
[2026-03-01 04:28:41] [INFO] [SYNC] Added new file b97b555fad098eb7.obj
[2026-03-01 04:28:41] [INFO] [SYNC] Added new file ba8d2b561d34fc96.svg
[2026-03-01 04:28:41] [INFO] [SYNC] Added new file bba39d2b96a1eaf6.obj
[2026-03-01 04:28:41] [INFO] [SYNC] Added new file bce951d256659b5b.svg
[2026-03-01 04:28:41] [INFO] [SYNC] Added new file bdbd142b20513967.obj
[2026-03-01 04:28:41] [INFO] [SYNC] Added new file be722bf2ebd07dc4.obj
[2026-03-01 04:28:41] [INFO] [SYNC] Added new file bf3ffbd5a766733e.tga
[2026-03-01 04:28:41] [INFO] [SYNC] Added new file c02a0668f7807df7.svg
[2026-03-01 04:28:41] [INFO] [SYNC] Added new file c2df5baf579add81.wav
[2026-03-01 04:28:41] [INFO] [SYNC] Added new file c2eb41ac4b58f8e4.wav
[2026-03-01 04:28:41] [INFO] [SYNC] Added new file c4316770a37ee113.tga
[2026-03-01 04:28:41] [INFO] [SYNC] Added new file c466feb005aaa1cd.obj
[2026-03-01 04:28:41] [INFO] [SYNC] Added new file c4c74bfea4992fb5.obj
[2026-03-01 04:28:41] [INFO] [SYNC] Added new file c4e3ada4e56cde91.svg
[2026-03-01 04:28:41] [INFO] [SYNC] Added new file c5783651e7340a03.obj
[2026-03-01 04:28:41] [INFO] [SYNC] Added new file c81d4a3b7fe8f9a7.obj
[2026-03-01 04:28:41] [INFO] [SYNC] Added new file c8b57374706b1d83.obj
[2026-03-01 04:28:41] [INFO] [SYNC] Added new file c9014b74c792954c.obj
[2026-03-01 04:28:41] [INFO] [SYNC] Added new file cba20d604d73b663.svg
[2026-03-01 04:28:41] [INFO] [SYNC] Added new file cc1010a223acee0c.obj
[2026-03-01 04:28:41] [INFO] [SYNC] Added new file cc61db850f2d3935.tga
[2026-03-01 04:28:41] [INFO] [SYNC] Added new file cc9435a366989ad0.obj
[2026-03-01 04:28:41] [INFO] [SYNC] Added new file cd2aa5d2d04e7359.svg
[2026-03-01 04:28:41] [INFO] [SYNC] Added new file cdd449a4358bdb78.obj
[2026-03-01 04:28:41] [INFO] [SYNC] Added new file ce707618630b30a7.svg
[2026-03-01 04:28:41] [INFO] [SYNC] Added new file cf74f779a3ec2dca.obj
[2026-03-01 04:28:41] [INFO] [SYNC] Added new file cf943bcfea9503fd.json
[2026-03-01 04:28:41] [INFO] [SYNC] Added new file cfc1fcd00a6a2d83.obj
[2026-03-01 04:28:41] [INFO] [SYNC] Added new file d2a842bd240b2cda.tga
[2026-03-01 04:28:41] [INFO] [SYNC] Added new file d386657c29b38d44.wav
[2026-03-01 04:28:41] [INFO] [SYNC] Added new file d3d9445633a7935f.svg
[2026-03-01 04:28:41] [INFO] [SYNC] Added new file d4018ac9ff0e1a70.obj
[2026-03-01 04:28:41] [INFO] [SYNC] Added new file d4f5f661b6f34e8c.obj
[2026-03-01 04:28:41] [INFO] [SYNC] Added new file d5700c832958358f.obj
[2026-03-01 04:28:41] [INFO] [SYNC] Added new file d62de070b24426a6.svg
[2026-03-01 04:28:41] [INFO] [SYNC] Added new file d82fc7dad669a00b.tga
[2026-03-01 04:28:41] [INFO] [SYNC] Added new file d906092db0949fa6.obj
[2026-03-01 04:28:41] [INFO] [SYNC] Added new file da56efcebcb5e100.obj
[2026-03-01 04:28:41] [INFO] [SYNC] Added new file dac0cff697ab5496.svg
[2026-03-01 04:28:41] [INFO] [SYNC] Added new file db1da0ccb0670374.wav
[2026-03-01 04:28:41] [INFO] [SYNC] Added new file dbd6a8a483f44833.ttf
[2026-03-01 04:28:41] [INFO] [SYNC] Added new file dc63d3e9a9cc3035.obj
[2026-03-01 04:28:41] [INFO] [SYNC] Added new file dc81a100af0496f8.svg
[2026-03-01 04:28:41] [INFO] [SYNC] Added new file dcd24d9d0fb71697.svg
[2026-03-01 04:28:41] [INFO] [SYNC] Added new file dcd5f037ac505d04.svg
[2026-03-01 04:28:41] [INFO] [SYNC] Added new file dd578e355dadbc0b.obj
[2026-03-01 04:28:41] [INFO] [SYNC] Added new file df43440cb6c44469.svg
[2026-03-01 04:28:41] [INFO] [SYNC] Added new file dfd0d41851792f5d.wav
[2026-03-01 04:28:41] [INFO] [SYNC] Added new file e14cb3cd9360774c.svg
[2026-03-01 04:28:41] [INFO] [SYNC] Added new file e2dbf3305b7f342e.obj
[2026-03-01 04:28:41] [INFO] [SYNC] Added new file e2e7dd712a7a250b.obj
[2026-03-01 04:28:41] [INFO] [SYNC] Added new file e365de0d66b73a82.obj
[2026-03-01 04:28:41] [INFO] [SYNC] Added new file e367fd7843ddb55a.svg
[2026-03-01 04:28:41] [INFO] [SYNC] Added new file e476821d91d20e6b.ttf
[2026-03-01 04:28:41] [INFO] [SYNC] Added new file e52518ae05824de2.wav
[2026-03-01 04:28:41] [INFO] [SYNC] Added new file e551517be828d80a.svg
[2026-03-01 04:28:41] [INFO] [SYNC] Added new file e771cc11f0a8feed.svg
[2026-03-01 04:28:41] [INFO] [SYNC] Added new file e80a0cfd73005948.wav
[2026-03-01 04:28:41] [INFO] [SYNC] Added new file e940f5bfb60f5260.tga
[2026-03-01 04:28:41] [INFO] [SYNC] Added new file e961b48af14619c9.wav
[2026-03-01 04:28:41] [INFO] [SYNC] Added new file ea0a803e7790323d.obj
[2026-03-01 04:28:41] [INFO] [SYNC] Added new file ead6f6e3498ced5f.svg
[2026-03-01 04:28:41] [INFO] [SYNC] Added new file ef2190a4d8717d4b.obj
[2026-03-01 04:28:41] [INFO] [SYNC] Added new file f0ae401c82acbd15.tga
[2026-03-01 04:28:42] [INFO] [SYNC] Added new file f1cefba5bc25a8b4.json
[2026-03-01 04:28:42] [INFO] [SYNC] Added new file f2fbc5f6ccbbff9a.svg
[2026-03-01 04:28:42] [INFO] [SYNC] Added new file f43676ed75f205bc.obj
[2026-03-01 04:28:42] [INFO] [SYNC] Added new file f561d06575d23c54.wav
[2026-03-01 04:28:42] [INFO] [SYNC] Added new file f5cc3a8e278740ec.obj
[2026-03-01 04:28:42] [INFO] [SYNC] Added new file f630fde1d407ea34.obj
[2026-03-01 04:28:42] [INFO] [SYNC] Added new file f65591a002cdfa0d.obj
[2026-03-01 04:28:42] [INFO] [SYNC] Added new file f6c21543922c3836.tga
[2026-03-01 04:28:42] [INFO] [SYNC] Added new file f7615e71b557b391.obj
[2026-03-01 04:28:42] [INFO] [SYNC] Added new file f777baced4c707af.wav
[2026-03-01 04:28:42] [INFO] [SYNC] Added new file f967069ed046a811.svg
[2026-03-01 04:28:42] [INFO] [SYNC] Added new file f9a154b4048cc310.obj
[2026-03-01 04:28:42] [INFO] [SYNC] Added new file fa5a5cb904438a0e.tga
[2026-03-01 04:28:42] [INFO] [SYNC] Added new file fe1e7b55871f54c3.tga
[2026-03-01 04:28:42] [INFO] [SYNC] Added new file fe689e09100275a3.obj
[2026-03-01 04:28:42] [INFO] [SYNC] Added new file ff6d1f2f53620b6d.obj
[2026-03-01 04:28:43] [INFO] [STATS] Generated statistics
[2026-03-01 04:35:46] [INFO] [CREATE] Created file test.jpg (1000 bytes)
[2026-03-01 04:35:48] [INFO] [STATS] Generated statistics
[2026-03-01 04:36:11] [INFO] [DELETE] Deleted test.jpg
[2026-03-01 04:36:13] [INFO] [STATS] Generated statistics
[2026-03-01 19:10:38] [INFO] [STATS] Generated statistics
[2026-03-01 19:11:14] [INFO] [LIST] Displayed database content
[2026-03-01 19:11:24] [INFO] [LIST] Displayed database content
[2026-03-01 19:11:41] [INFO] [LIST] Displayed database content
[2026-03-01 19:11:48] [INFO] [LIST] Query returned empty result
[2026-03-01 19:11:51] [INFO] [LIST] Query returned empty result
[2026-03-01 19:11:54] [INFO] [LIST] Displayed database content
[2026-03-01 19:11:59] [INFO] [LIST] Displayed database content
[2026-03-01 19:12:06] [INFO] [LIST] Displayed database content
[2026-03-01 19:12:08] [INFO] [LIST] Displayed database content
[2026-03-03 19:14:01] [INFO] [LIST] Displayed database content
[2026-03-03 19:14:11] [INFO] [STATS] Generated statistics
[2026-03-06 07:39:56] [INFO] [STATS] Generated statistics
